[debug] ----------------------------------------------------------------------
[debug] Command:      C:\Program Files\nodejs\node.exe C:\Users\daniel\AppData\Roaming\npm\node_modules\firebase-tools\bin\firebase deploy
[debug] CLI Version:  3.5.0
[debug] Platform:     win32
[debug] Node Version: v7.7.4
[debug] Time:         Fri Mar 31 2017 08:23:45 GMT-0700 (Pacific Daylight Time)
[debug] ----------------------------------------------------------------------
[debug] 
[debug] > command requires scopes: ["email","openid","https://www.googleapis.com/auth/cloudplatformprojects.readonly","https://www.googleapis.com/auth/firebase"]
[debug] >>> HTTP REQUEST GET https://admin.firebase.com/v1/projects/my-awesome-project-a0978  
 Fri Mar 31 2017 08:23:45 GMT-0700 (Pacific Daylight Time)
[debug] <<< HTTP RESPONSE 200
[debug] >>> HTTP REQUEST GET https://admin.firebase.com/v1/database/my-awesome-project-a0978/tokens  
 Fri Mar 31 2017 08:23:58 GMT-0700 (Pacific Daylight Time)
[debug] <<< HTTP RESPONSE 200
[info] 
[info] === Deploying to 'my-awesome-project-a0978'...
[info] 
[info] i  deploying database, hosting
[info] +  database: rules ready to deploy.
[info] i  hosting: preparing . directory for upload...
[debug] >>> HTTP REQUEST PUT https://deploy.firebase.com/v1/hosting/my-awesome-project-a0978/uploads/-KgZxsgJS3_toxXPaWiG?fileCount=1570&message=  
 Fri Mar 31 2017 08:25:07 GMT-0700 (Pacific Daylight Time)
